2022-05-21 23:40:58,709:INFO:Initializing load_model()
2022-05-21 23:40:58,709:INFO:load_model(model_name=RF_Model_V1, platform=None, authentication=None, verbose=True)
2022-05-21 23:40:58,777:INFO:Initializing predict_model()
2022-05-21 23:40:58,777:INFO:predict_model(estimator=Pipeline(steps=[('dtypes',
                 DataTypes_Auto_infer(categorical_features=['Family',
                                                            'Education',
                                                            'SecuritiesAccount',
                                                            'CDAccount',
                                                            'Online',
                                                            'CreditCard'],
                                      display_types=False,
                                      ml_usecase='classification',
                                      target='PersonalLoan')),
                ('imputer',
                 Simple_Imputer(categorical_strategy='not_available',
                                fill_value_categorical=None,
                                fill_value_numerical=None,
                                numeric_strategy...
                ('clean_names', Clean_Colum_Names()),
                ('feature_select', 'passthrough'), ('fix_multi', 'passthrough'),
                ('dfs', 'passthrough'), ('pca', 'passthrough'),
                ['trained_model',
                 RandomForestClassifier(bootstrap=False,
                                        class_weight='balanced_subsample',
                                        max_depth=6, max_features='log2',
                                        min_impurity_decrease=0.001,
                                        min_samples_leaf=6, min_samples_split=9,
                                        n_estimators=190, n_jobs=-1,
                                        random_state=123)]]), probability_threshold=None, encoded_labels=True, drift_report=False, raw_score=False, round=4, verbose=True, ml_usecase=MLUsecase.REGRESSION, display=None, drift_kwargs=None)
2022-05-21 23:40:58,777:INFO:Checking exceptions
2022-05-21 23:40:58,777:INFO:Preloading libraries
2022-05-21 23:41:12,224:INFO:Initializing predict_model()
2022-05-21 23:41:12,224:INFO:predict_model(estimator=Pipeline(steps=[('dtypes',
                 DataTypes_Auto_infer(categorical_features=['Family',
                                                            'Education',
                                                            'SecuritiesAccount',
                                                            'CDAccount',
                                                            'Online',
                                                            'CreditCard'],
                                      display_types=False,
                                      ml_usecase='classification',
                                      target='PersonalLoan')),
                ('imputer',
                 Simple_Imputer(categorical_strategy='not_available',
                                fill_value_categorical=None,
                                fill_value_numerical=None,
                                numeric_strategy...
                ('clean_names', Clean_Colum_Names()),
                ('feature_select', 'passthrough'), ('fix_multi', 'passthrough'),
                ('dfs', 'passthrough'), ('pca', 'passthrough'),
                ['trained_model',
                 RandomForestClassifier(bootstrap=False,
                                        class_weight='balanced_subsample',
                                        max_depth=6, max_features='log2',
                                        min_impurity_decrease=0.001,
                                        min_samples_leaf=6, min_samples_split=9,
                                        n_estimators=190, n_jobs=-1,
                                        random_state=123)]]), probability_threshold=None, encoded_labels=True, drift_report=False, raw_score=False, round=4, verbose=True, ml_usecase=MLUsecase.REGRESSION, display=None, drift_kwargs=None)
2022-05-21 23:41:12,224:INFO:Checking exceptions
2022-05-21 23:41:12,224:INFO:Preloading libraries
2022-05-21 23:41:17,093:INFO:Initializing predict_model()
2022-05-21 23:41:17,093:INFO:predict_model(estimator=Pipeline(steps=[('dtypes',
                 DataTypes_Auto_infer(categorical_features=['Family',
                                                            'Education',
                                                            'SecuritiesAccount',
                                                            'CDAccount',
                                                            'Online',
                                                            'CreditCard'],
                                      display_types=False,
                                      ml_usecase='classification',
                                      target='PersonalLoan')),
                ('imputer',
                 Simple_Imputer(categorical_strategy='not_available',
                                fill_value_categorical=None,
                                fill_value_numerical=None,
                                numeric_strategy...
                ('clean_names', Clean_Colum_Names()),
                ('feature_select', 'passthrough'), ('fix_multi', 'passthrough'),
                ('dfs', 'passthrough'), ('pca', 'passthrough'),
                ['trained_model',
                 RandomForestClassifier(bootstrap=False,
                                        class_weight='balanced_subsample',
                                        max_depth=6, max_features='log2',
                                        min_impurity_decrease=0.001,
                                        min_samples_leaf=6, min_samples_split=9,
                                        n_estimators=190, n_jobs=-1,
                                        random_state=123)]]), probability_threshold=None, encoded_labels=True, drift_report=False, raw_score=False, round=4, verbose=True, ml_usecase=MLUsecase.REGRESSION, display=None, drift_kwargs=None)
2022-05-21 23:41:17,093:INFO:Checking exceptions
2022-05-21 23:41:17,093:INFO:Preloading libraries
2022-05-21 23:41:25,046:INFO:Initializing predict_model()
2022-05-21 23:41:25,046:INFO:predict_model(estimator=Pipeline(steps=[('dtypes',
                 DataTypes_Auto_infer(categorical_features=['Family',
                                                            'Education',
                                                            'SecuritiesAccount',
                                                            'CDAccount',
                                                            'Online',
                                                            'CreditCard'],
                                      display_types=False,
                                      ml_usecase='classification',
                                      target='PersonalLoan')),
                ('imputer',
                 Simple_Imputer(categorical_strategy='not_available',
                                fill_value_categorical=None,
                                fill_value_numerical=None,
                                numeric_strategy...
                ('clean_names', Clean_Colum_Names()),
                ('feature_select', 'passthrough'), ('fix_multi', 'passthrough'),
                ('dfs', 'passthrough'), ('pca', 'passthrough'),
                ['trained_model',
                 RandomForestClassifier(bootstrap=False,
                                        class_weight='balanced_subsample',
                                        max_depth=6, max_features='log2',
                                        min_impurity_decrease=0.001,
                                        min_samples_leaf=6, min_samples_split=9,
                                        n_estimators=190, n_jobs=-1,
                                        random_state=123)]]), probability_threshold=None, encoded_labels=True, drift_report=False, raw_score=False, round=4, verbose=True, ml_usecase=MLUsecase.REGRESSION, display=None, drift_kwargs=None)
2022-05-21 23:41:25,046:INFO:Checking exceptions
2022-05-21 23:41:25,046:INFO:Preloading libraries
2022-05-23 12:07:11,855:INFO:Initializing load_model()
2022-05-23 12:07:11,855:INFO:load_model(model_name=RF_Model_V1, platform=None, authentication=None, verbose=True)
2022-05-23 12:07:11,953:INFO:Initializing predict_model()
2022-05-23 12:07:11,953:INFO:predict_model(estimator=Pipeline(steps=[('dtypes',
                 DataTypes_Auto_infer(categorical_features=['Family',
                                                            'Education',
                                                            'SecuritiesAccount',
                                                            'CDAccount',
                                                            'Online',
                                                            'CreditCard'],
                                      display_types=False,
                                      ml_usecase='classification',
                                      target='PersonalLoan')),
                ('imputer',
                 Simple_Imputer(categorical_strategy='not_available',
                                fill_value_categorical=None,
                                fill_value_numerical=None,
                                numeric_strategy...
                ('clean_names', Clean_Colum_Names()),
                ('feature_select', 'passthrough'), ('fix_multi', 'passthrough'),
                ('dfs', 'passthrough'), ('pca', 'passthrough'),
                ['trained_model',
                 RandomForestClassifier(bootstrap=False,
                                        class_weight='balanced_subsample',
                                        max_depth=6, max_features='log2',
                                        min_impurity_decrease=0.001,
                                        min_samples_leaf=6, min_samples_split=9,
                                        n_estimators=190, n_jobs=-1,
                                        random_state=123)]]), probability_threshold=None, encoded_labels=True, drift_report=False, raw_score=False, round=4, verbose=True, ml_usecase=MLUsecase.REGRESSION, display=None, drift_kwargs=None)
2022-05-23 12:07:11,954:INFO:Checking exceptions
2022-05-23 12:07:11,954:INFO:Preloading libraries
2022-05-23 12:07:17,091:INFO:Initializing predict_model()
2022-05-23 12:07:17,091:INFO:predict_model(estimator=Pipeline(steps=[('dtypes',
                 DataTypes_Auto_infer(categorical_features=['Family',
                                                            'Education',
                                                            'SecuritiesAccount',
                                                            'CDAccount',
                                                            'Online',
                                                            'CreditCard'],
                                      display_types=False,
                                      ml_usecase='classification',
                                      target='PersonalLoan')),
                ('imputer',
                 Simple_Imputer(categorical_strategy='not_available',
                                fill_value_categorical=None,
                                fill_value_numerical=None,
                                numeric_strategy...
                ('clean_names', Clean_Colum_Names()),
                ('feature_select', 'passthrough'), ('fix_multi', 'passthrough'),
                ('dfs', 'passthrough'), ('pca', 'passthrough'),
                ['trained_model',
                 RandomForestClassifier(bootstrap=False,
                                        class_weight='balanced_subsample',
                                        max_depth=6, max_features='log2',
                                        min_impurity_decrease=0.001,
                                        min_samples_leaf=6, min_samples_split=9,
                                        n_estimators=190, n_jobs=-1,
                                        random_state=123)]]), probability_threshold=None, encoded_labels=True, drift_report=False, raw_score=False, round=4, verbose=True, ml_usecase=MLUsecase.REGRESSION, display=None, drift_kwargs=None)
2022-05-23 12:07:17,091:INFO:Checking exceptions
2022-05-23 12:07:17,091:INFO:Preloading libraries
2022-05-23 15:23:05,192:INFO:Initializing load_model()
2022-05-23 15:23:05,192:INFO:load_model(model_name=RF_Model_V1, platform=None, authentication=None, verbose=True)
2022-05-23 15:23:05,311:INFO:Initializing predict_model()
2022-05-23 15:23:05,311:INFO:predict_model(estimator=Pipeline(steps=[('dtypes',
                 DataTypes_Auto_infer(categorical_features=['Family',
                                                            'Education',
                                                            'SecuritiesAccount',
                                                            'CDAccount',
                                                            'Online',
                                                            'CreditCard'],
                                      display_types=False,
                                      ml_usecase='classification',
                                      target='PersonalLoan')),
                ('imputer',
                 Simple_Imputer(categorical_strategy='not_available',
                                fill_value_categorical=None,
                                fill_value_numerical=None,
                                numeric_strategy...
                ('clean_names', Clean_Colum_Names()),
                ('feature_select', 'passthrough'), ('fix_multi', 'passthrough'),
                ('dfs', 'passthrough'), ('pca', 'passthrough'),
                ['trained_model',
                 RandomForestClassifier(bootstrap=False,
                                        class_weight='balanced_subsample',
                                        max_depth=6, max_features='log2',
                                        min_impurity_decrease=0.001,
                                        min_samples_leaf=6, min_samples_split=9,
                                        n_estimators=190, n_jobs=-1,
                                        random_state=123)]]), probability_threshold=None, encoded_labels=True, drift_report=False, raw_score=False, round=4, verbose=True, ml_usecase=MLUsecase.REGRESSION, display=None, drift_kwargs=None)
2022-05-23 15:23:05,311:INFO:Checking exceptions
2022-05-23 15:23:05,311:INFO:Preloading libraries
2022-05-23 15:23:12,208:INFO:Initializing predict_model()
2022-05-23 15:23:12,208:INFO:predict_model(estimator=Pipeline(steps=[('dtypes',
                 DataTypes_Auto_infer(categorical_features=['Family',
                                                            'Education',
                                                            'SecuritiesAccount',
                                                            'CDAccount',
                                                            'Online',
                                                            'CreditCard'],
                                      display_types=False,
                                      ml_usecase='classification',
                                      target='PersonalLoan')),
                ('imputer',
                 Simple_Imputer(categorical_strategy='not_available',
                                fill_value_categorical=None,
                                fill_value_numerical=None,
                                numeric_strategy...
                ('clean_names', Clean_Colum_Names()),
                ('feature_select', 'passthrough'), ('fix_multi', 'passthrough'),
                ('dfs', 'passthrough'), ('pca', 'passthrough'),
                ['trained_model',
                 RandomForestClassifier(bootstrap=False,
                                        class_weight='balanced_subsample',
                                        max_depth=6, max_features='log2',
                                        min_impurity_decrease=0.001,
                                        min_samples_leaf=6, min_samples_split=9,
                                        n_estimators=190, n_jobs=-1,
                                        random_state=123)]]), probability_threshold=None, encoded_labels=True, drift_report=False, raw_score=False, round=4, verbose=True, ml_usecase=MLUsecase.REGRESSION, display=None, drift_kwargs=None)
2022-05-23 15:23:12,208:INFO:Checking exceptions
2022-05-23 15:23:12,208:INFO:Preloading libraries
2022-05-23 15:23:18,839:INFO:Initializing predict_model()
2022-05-23 15:23:18,839:INFO:predict_model(estimator=Pipeline(steps=[('dtypes',
                 DataTypes_Auto_infer(categorical_features=['Family',
                                                            'Education',
                                                            'SecuritiesAccount',
                                                            'CDAccount',
                                                            'Online',
                                                            'CreditCard'],
                                      display_types=False,
                                      ml_usecase='classification',
                                      target='PersonalLoan')),
                ('imputer',
                 Simple_Imputer(categorical_strategy='not_available',
                                fill_value_categorical=None,
                                fill_value_numerical=None,
                                numeric_strategy...
                ('clean_names', Clean_Colum_Names()),
                ('feature_select', 'passthrough'), ('fix_multi', 'passthrough'),
                ('dfs', 'passthrough'), ('pca', 'passthrough'),
                ['trained_model',
                 RandomForestClassifier(bootstrap=False,
                                        class_weight='balanced_subsample',
                                        max_depth=6, max_features='log2',
                                        min_impurity_decrease=0.001,
                                        min_samples_leaf=6, min_samples_split=9,
                                        n_estimators=190, n_jobs=-1,
                                        random_state=123)]]), probability_threshold=None, encoded_labels=True, drift_report=False, raw_score=False, round=4, verbose=True, ml_usecase=MLUsecase.REGRESSION, display=None, drift_kwargs=None)
2022-05-23 15:23:18,839:INFO:Checking exceptions
2022-05-23 15:23:18,839:INFO:Preloading libraries
2022-05-23 15:23:28,825:INFO:Initializing predict_model()
2022-05-23 15:23:28,825:INFO:predict_model(estimator=Pipeline(steps=[('dtypes',
                 DataTypes_Auto_infer(categorical_features=['Family',
                                                            'Education',
                                                            'SecuritiesAccount',
                                                            'CDAccount',
                                                            'Online',
                                                            'CreditCard'],
                                      display_types=False,
                                      ml_usecase='classification',
                                      target='PersonalLoan')),
                ('imputer',
                 Simple_Imputer(categorical_strategy='not_available',
                                fill_value_categorical=None,
                                fill_value_numerical=None,
                                numeric_strategy...
                ('clean_names', Clean_Colum_Names()),
                ('feature_select', 'passthrough'), ('fix_multi', 'passthrough'),
                ('dfs', 'passthrough'), ('pca', 'passthrough'),
                ['trained_model',
                 RandomForestClassifier(bootstrap=False,
                                        class_weight='balanced_subsample',
                                        max_depth=6, max_features='log2',
                                        min_impurity_decrease=0.001,
                                        min_samples_leaf=6, min_samples_split=9,
                                        n_estimators=190, n_jobs=-1,
                                        random_state=123)]]), probability_threshold=None, encoded_labels=True, drift_report=False, raw_score=False, round=4, verbose=True, ml_usecase=MLUsecase.REGRESSION, display=None, drift_kwargs=None)
2022-05-23 15:23:28,825:INFO:Checking exceptions
2022-05-23 15:23:28,825:INFO:Preloading libraries
